2025-03-07 11:24:21 INFO  Utils:112 - [TestNG] Running:
  C:\Users\2321707\OneDrive - Cognizant\Desktop\SFDC login\SFDCV1\testng.xml

2025-03-07 11:24:22 INFO  TC_003_Create_account:34 - Starting setup for baseClass.
2025-03-07 11:24:28 INFO  TC_003_Create_account:45 - Browser launched and URL opened successfully.
2025-03-07 11:24:28 INFO  TC_003_Create_account:51 - Setup completed successfully.
2025-03-07 11:24:32 INFO  TC_003_Create_account:60 - User Logged into Sucessfully.
2025-03-07 11:24:52 ERROR TC_003_Create_account:69 - Failed to navigate to Salesorg.openqa.selenium.TimeoutException: Expected condition failed: waiting for element to be clickable: Proxy element for: DefaultElementLocator 'By.xpath: //button[@title = 'App Launcher']' (tried for 10 second(s) with 500 milliseconds interval)
2025-03-07 11:25:37 INFO  Utils:112 - [TestNG] Running:
  C:\Users\2321707\OneDrive - Cognizant\Desktop\SFDC login\SFDCV1\testng.xml

2025-03-07 11:25:37 INFO  TC_003_Create_account:34 - Starting setup for baseClass.
2025-03-07 11:25:43 INFO  TC_003_Create_account:45 - Browser launched and URL opened successfully.
2025-03-07 11:25:43 INFO  TC_003_Create_account:51 - Setup completed successfully.
2025-03-07 11:25:48 INFO  TC_003_Create_account:60 - User Logged into Sucessfully.
2025-03-07 11:25:51 INFO  TC_003_Create_account:67 - Navigated to Sales sucessfully.
2025-03-07 11:25:59 INFO  TC_003_Create_account:77 - Browser closed successfully.
2025-03-07 11:43:05 INFO  TC_003_Create_account:34 - Starting setup for baseClass.
2025-03-07 11:43:11 INFO  TC_003_Create_account:45 - Browser launched and URL opened successfully.
2025-03-07 11:43:11 INFO  TC_003_Create_account:51 - Setup completed successfully.
2025-03-07 11:43:16 INFO  TC_003_Create_account:60 - User Logged into Sucessfully.
2025-03-07 11:43:19 INFO  TC_003_Create_account:67 - Navigated to Sales sucessfully.
2025-03-07 11:43:27 INFO  TC_003_Create_account:77 - Browser closed successfully.
2025-03-07 11:47:53 INFO  TC_001_Create_contact:34 - Starting setup for baseClass.
2025-03-07 11:48:00 INFO  TC_001_Create_contact:45 - Browser launched and URL opened successfully.
2025-03-07 11:48:00 INFO  TC_001_Create_contact:51 - Setup completed successfully.
2025-03-07 11:48:06 INFO  TC_001_Create_contact:60 - User Logged into Sucessfully.
2025-03-07 11:48:09 INFO  TC_001_Create_contact:67 - Navigated to Sales sucessfully.
2025-03-07 11:48:09 INFO  TC_001_Create_contact:29 - Clicked on contact sucessfully.
2025-03-07 11:48:18 INFO  TC_001_Create_contact:40 - contact created sucessfully.
2025-03-07 11:48:20 INFO  TC_001_Create_contact:50 - Contact verified successfully
2025-03-07 11:48:25 INFO  TC_001_Create_contact:77 - Browser closed successfully.
2025-03-07 11:48:25 INFO  TC_002_Create_lead:34 - Starting setup for baseClass.
2025-03-07 11:48:30 INFO  TC_002_Create_lead:45 - Browser launched and URL opened successfully.
2025-03-07 11:48:30 INFO  TC_002_Create_lead:51 - Setup completed successfully.
2025-03-07 11:48:35 INFO  TC_002_Create_lead:60 - User Logged into Sucessfully.
2025-03-07 11:48:38 INFO  TC_002_Create_lead:67 - Navigated to Sales sucessfully.
2025-03-07 11:48:53 INFO  TC_002_Create_lead:77 - Browser closed successfully.
2025-03-07 11:48:53 INFO  TC_003_Create_account:34 - Starting setup for baseClass.
2025-03-07 11:48:58 INFO  TC_003_Create_account:45 - Browser launched and URL opened successfully.
2025-03-07 11:48:58 INFO  TC_003_Create_account:51 - Setup completed successfully.
2025-03-07 11:49:03 INFO  TC_003_Create_account:60 - User Logged into Sucessfully.
2025-03-07 11:49:06 INFO  TC_003_Create_account:67 - Navigated to Sales sucessfully.
2025-03-07 11:49:14 INFO  TC_003_Create_account:77 - Browser closed successfully.
2025-04-05 08:04:50 INFO  TC_001_Create_contact:34 - Starting setup for baseClass.
2025-04-05 08:04:58 INFO  TC_001_Create_contact:45 - Browser launched and URL opened successfully.
2025-04-05 08:04:58 INFO  TC_001_Create_contact:51 - Setup completed successfully.
2025-04-05 08:05:02 INFO  TC_001_Create_contact:60 - User Logged into Sucessfully.
2025-04-05 08:05:22 ERROR TC_001_Create_contact:69 - Failed to navigate to Salesorg.openqa.selenium.TimeoutException: Expected condition failed: waiting for element to be clickable: Proxy element for: DefaultElementLocator 'By.xpath: //button[@title = 'App Launcher']' (tried for 10 second(s) with 500 milliseconds interval)
2025-04-05 08:05:33 ERROR TC_001_Create_contact:33 - Failed to click on contactorg.openqa.selenium.NoSuchElementException: no such element: Unable to locate element: {"method":"xpath","selector":"//a[@title = 'Contacts']"}
  (Session info: chrome=134.0.6998.178)
For documentation on this error, please visit: https://www.selenium.dev/documentation/webdriver/troubleshooting/errors#no-such-element-exception
Build info: version: '4.28.1', revision: '73f5ad48a2'
System info: os.name: 'Windows 10', os.arch: 'amd64', os.version: '10.0', java.version: '24'
Driver info: org.openqa.selenium.chrome.ChromeDriver
Command: [90a9aa4720dcf8beca2f568e63146cca, findElement {using=xpath, value=//a[@title = 'Contacts']}]
Capabilities {acceptInsecureCerts: false, browserName: chrome, browserVersion: 134.0.6998.178, chrome: {chromedriverVersion: 134.0.6998.165 (fd886e2cb29..., userDataDir: C:\Users\welcome\AppData\Lo...}, fedcm:accounts: true, goog:chromeOptions: {debuggerAddress: localhost:51040}, networkConnectionEnabled: false, pageLoadStrategy: normal, platformName: windows, proxy: Proxy(), se:cdp: ws://localhost:51040/devtoo..., se:cdpVersion: 134.0.6998.178, setWindowRect: true, strictFileInteractability: false, timeouts: {implicit: 0, pageLoad: 300000, script: 30000}, unhandledPromptBehavior: dismiss and notify, webauthn:extension:credBlob: true, webauthn:extension:largeBlob: true, webauthn:extension:minPinLength: true, webauthn:extension:prf: true, webauthn:virtualAuthenticators: true}
Session ID: 90a9aa4720dcf8beca2f568e63146cca
2025-04-05 08:05:53 ERROR TC_001_Create_contact:44 - Failed to create new Contact
2025-04-05 08:06:03 INFO  TC_001_Create_contact:77 - Browser closed successfully.
2025-04-05 08:08:57 INFO  TC_001_Create_contact:34 - Starting setup for baseClass.
2025-04-05 08:09:02 INFO  TC_001_Create_contact:45 - Browser launched and URL opened successfully.
2025-04-05 08:09:02 INFO  TC_001_Create_contact:51 - Setup completed successfully.
2025-04-05 08:09:04 INFO  TC_001_Create_contact:60 - User Logged into Sucessfully.
2025-04-05 08:09:12 INFO  TC_001_Create_contact:67 - Navigated to Sales sucessfully.
2025-04-05 08:09:13 INFO  TC_001_Create_contact:29 - Clicked on contact sucessfully.
2025-04-05 08:09:23 INFO  TC_001_Create_contact:40 - contact created sucessfully.
2025-04-05 08:09:25 INFO  TC_001_Create_contact:50 - Contact verified successfully
2025-04-05 08:09:26 INFO  TC_001_Create_contact:77 - Browser closed successfully.
2025-04-05 08:09:26 INFO  TC_002_Create_lead:34 - Starting setup for baseClass.
2025-04-05 08:09:29 INFO  TC_002_Create_lead:45 - Browser launched and URL opened successfully.
2025-04-05 08:09:29 INFO  TC_002_Create_lead:51 - Setup completed successfully.
2025-04-05 08:09:30 INFO  TC_002_Create_lead:60 - User Logged into Sucessfully.
2025-04-05 08:09:40 INFO  TC_002_Create_lead:67 - Navigated to Sales sucessfully.
2025-04-05 08:09:52 INFO  TC_002_Create_lead:77 - Browser closed successfully.
2025-04-05 08:09:52 INFO  TC_003_Create_account:34 - Starting setup for baseClass.
2025-04-05 08:09:55 INFO  TC_003_Create_account:45 - Browser launched and URL opened successfully.
2025-04-05 08:09:55 INFO  TC_003_Create_account:51 - Setup completed successfully.
2025-04-05 08:09:56 INFO  TC_003_Create_account:60 - User Logged into Sucessfully.
2025-04-05 08:10:06 INFO  TC_003_Create_account:67 - Navigated to Sales sucessfully.
2025-04-05 08:10:12 INFO  TC_003_Create_account:77 - Browser closed successfully.
2025-04-05 08:10:32 INFO  TC_001_Create_contact:34 - Starting setup for baseClass.
2025-04-05 08:10:35 INFO  TC_001_Create_contact:45 - Browser launched and URL opened successfully.
2025-04-05 08:10:35 INFO  TC_001_Create_contact:51 - Setup completed successfully.
2025-04-05 08:10:41 INFO  TC_001_Create_contact:60 - User Logged into Sucessfully.
2025-04-05 08:10:45 INFO  TC_001_Create_contact:67 - Navigated to Sales sucessfully.
2025-04-05 08:10:45 INFO  TC_001_Create_contact:29 - Clicked on contact sucessfully.
2025-04-05 08:10:55 INFO  TC_001_Create_contact:40 - contact created sucessfully.
2025-04-05 08:10:57 INFO  TC_001_Create_contact:50 - Contact verified successfully
2025-04-05 08:10:57 INFO  TC_001_Create_contact:77 - Browser closed successfully.
2025-04-05 08:10:57 INFO  TC_002_Create_lead:34 - Starting setup for baseClass.
2025-04-05 08:11:00 INFO  TC_002_Create_lead:45 - Browser launched and URL opened successfully.
2025-04-05 08:11:00 INFO  TC_002_Create_lead:51 - Setup completed successfully.
2025-04-05 08:11:07 INFO  TC_002_Create_lead:60 - User Logged into Sucessfully.
2025-04-05 08:11:11 INFO  TC_002_Create_lead:67 - Navigated to Sales sucessfully.
2025-04-05 08:11:23 INFO  TC_002_Create_lead:77 - Browser closed successfully.
2025-04-05 08:11:23 INFO  TC_003_Create_account:34 - Starting setup for baseClass.
2025-04-05 08:11:26 INFO  TC_003_Create_account:45 - Browser launched and URL opened successfully.
2025-04-05 08:11:26 INFO  TC_003_Create_account:51 - Setup completed successfully.
2025-04-05 08:11:27 INFO  TC_003_Create_account:60 - User Logged into Sucessfully.
2025-04-05 08:11:34 INFO  TC_003_Create_account:67 - Navigated to Sales sucessfully.
2025-04-05 08:11:40 INFO  TC_003_Create_account:77 - Browser closed successfully.
2025-04-05 08:25:01 INFO  Utils:112 - [TestNG] Running:
  C:\Users\welcome\AppData\Local\JetBrains\IdeaIC2024.3\temp-testng-customsuite.xml

2025-04-05 08:25:01 INFO  TC_001_Create_contact:34 - Starting setup for baseClass.
2025-04-05 08:25:06 INFO  TC_001_Create_contact:45 - Browser launched and URL opened successfully.
2025-04-05 08:25:06 INFO  TC_001_Create_contact:51 - Setup completed successfully.
2025-04-05 08:25:12 INFO  TC_001_Create_contact:60 - User Logged into Sucessfully.
2025-04-05 08:25:17 INFO  TC_001_Create_contact:67 - Navigated to Sales sucessfully.
2025-04-05 08:25:18 INFO  TC_001_Create_contact:29 - Clicked on contact sucessfully.
2025-04-05 08:25:28 INFO  TC_001_Create_contact:40 - contact created sucessfully.
2025-04-05 08:25:29 INFO  TC_001_Create_contact:50 - Contact verified successfully
2025-04-05 08:25:30 INFO  TC_001_Create_contact:77 - Browser closed successfully.
2025-04-05 08:31:29 INFO  Utils:112 - [TestNG] Running:
  C:\Users\welcome\Desktop\SFDCV1\SFDCV1\testng.xml

2025-04-05 08:31:29 INFO  TC_001_Create_contact:34 - Starting setup for baseClass.
2025-04-05 08:31:33 INFO  TC_001_Create_contact:45 - Browser launched and URL opened successfully.
2025-04-05 08:31:33 INFO  TC_001_Create_contact:51 - Setup completed successfully.
2025-04-05 08:31:39 INFO  TC_001_Create_contact:60 - User Logged into Sucessfully.
2025-04-05 08:31:43 INFO  TC_001_Create_contact:67 - Navigated to Sales sucessfully.
2025-04-05 08:31:44 INFO  TC_001_Create_contact:29 - Clicked on contact sucessfully.
2025-04-05 08:31:54 INFO  TC_001_Create_contact:40 - contact created sucessfully.
2025-04-05 08:31:56 INFO  TC_001_Create_contact:50 - Contact verified successfully
2025-04-05 08:31:57 INFO  TC_001_Create_contact:77 - Browser closed successfully.
2025-04-05 08:31:57 INFO  TC_002_Create_lead:34 - Starting setup for baseClass.
2025-04-05 08:32:00 INFO  TC_002_Create_lead:45 - Browser launched and URL opened successfully.
2025-04-05 08:32:00 INFO  TC_002_Create_lead:51 - Setup completed successfully.
2025-04-05 08:32:06 INFO  TC_002_Create_lead:60 - User Logged into Sucessfully.
2025-04-05 08:32:10 INFO  TC_002_Create_lead:67 - Navigated to Sales sucessfully.
2025-04-05 08:32:23 INFO  TC_002_Create_lead:77 - Browser closed successfully.
2025-04-05 08:32:23 INFO  TC_003_Create_account:34 - Starting setup for baseClass.
2025-04-05 08:32:26 INFO  TC_003_Create_account:45 - Browser launched and URL opened successfully.
2025-04-05 08:32:26 INFO  TC_003_Create_account:51 - Setup completed successfully.
2025-04-05 08:32:30 INFO  TC_003_Create_account:60 - User Logged into Sucessfully.
2025-04-05 08:32:35 INFO  TC_003_Create_account:67 - Navigated to Sales sucessfully.
2025-04-05 08:32:41 INFO  TC_003_Create_account:77 - Browser closed successfully.
2025-04-05 09:14:19 INFO  Utils:112 - [TestNG] Running:
  C:\Users\welcome\AppData\Local\JetBrains\IdeaIC2024.3\temp-testng-customsuite.xml

2025-04-05 09:14:19 INFO  TC_001_Create_contact:37 - Starting setup for baseClass.
2025-04-05 09:15:08 INFO  Utils:112 - [TestNG] Running:
  C:\Users\welcome\AppData\Local\JetBrains\IdeaIC2024.3\temp-testng-customsuite.xml

2025-04-05 09:15:08 INFO  TC_001_Create_contact:37 - Starting setup for baseClass.
2025-04-05 09:19:19 INFO  Utils:112 - [TestNG] Running:
  C:\Users\welcome\AppData\Local\JetBrains\IdeaIC2024.3\temp-testng-customsuite.xml

2025-04-05 09:19:19 INFO  TC_001_Create_contact:37 - Starting setup for baseClass.
2025-04-05 09:24:06 INFO  Utils:112 - [TestNG] Running:
  C:\Users\welcome\AppData\Local\JetBrains\IdeaIC2024.3\temp-testng-customsuite.xml

2025-04-05 09:24:06 INFO  TC_001_Create_contact:38 - Starting setup for baseClass.
2025-04-05 09:25:28 INFO  Utils:112 - [TestNG] Running:
  C:\Users\welcome\AppData\Local\JetBrains\IdeaIC2024.3\temp-testng-customsuite.xml

2025-04-05 09:27:20 INFO  Utils:112 - [TestNG] Running:
  C:\Users\welcome\AppData\Local\JetBrains\IdeaIC2024.3\temp-testng-customsuite.xml

2025-04-05 09:30:52 INFO  Utils:112 - [TestNG] Running:
  C:\Users\welcome\AppData\Local\JetBrains\IdeaIC2024.3\temp-testng-customsuite.xml

2025-04-05 09:30:52 INFO  TC_001_Create_contact:38 - Starting setup for baseClass.
2025-04-05 09:30:56 INFO  TC_001_Create_contact:52 - Browser launched and URL opened successfully.
2025-04-05 09:31:00 INFO  TC_001_Create_contact:70 - User Logged into Sucessfully.
2025-04-05 09:31:06 INFO  TC_001_Create_contact:79 - Navigated to Sales sucessfully.
2025-04-05 09:31:07 INFO  TC_001_Create_contact:93 - Browser closed successfully.
2025-04-05 09:32:28 INFO  Utils:112 - [TestNG] Running:
  C:\Users\welcome\AppData\Local\JetBrains\IdeaIC2024.3\temp-testng-customsuite.xml

2025-04-05 09:32:28 INFO  TC_001_Create_contact:38 - Starting setup for baseClass.
2025-04-05 09:32:32 INFO  TC_001_Create_contact:52 - Browser launched and URL opened successfully.
2025-04-05 09:32:39 INFO  TC_001_Create_contact:70 - User Logged into Sucessfully.
2025-04-05 09:32:43 INFO  TC_001_Create_contact:79 - Navigated to Sales sucessfully.
2025-04-05 09:32:44 INFO  TC_001_Create_contact:33 - Clicked on contact sucessfully.
2025-04-05 09:32:55 INFO  TC_001_Create_contact:46 - contact created sucessfully.
2025-04-05 09:32:56 INFO  TC_001_Create_contact:58 - Contact verified successfully
2025-04-05 09:32:56 INFO  TC_001_Create_contact:93 - Browser closed successfully.
2025-04-05 09:37:27 INFO  Utils:112 - [TestNG] Running:
  C:\Users\welcome\AppData\Local\JetBrains\IdeaIC2024.3\temp-testng-customsuite.xml

2025-04-05 09:37:27 INFO  TC_001_Create_contact:38 - Starting setup for baseClass.
2025-04-05 09:37:30 INFO  TC_001_Create_contact:52 - Browser launched and URL opened successfully.
2025-04-05 09:37:32 INFO  TC_001_Create_contact:70 - User Logged into Sucessfully.
2025-04-05 09:37:46 INFO  TC_001_Create_contact:79 - Navigated to Sales sucessfully.
2025-04-05 09:37:47 INFO  TC_001_Create_contact:38 - Clicked on contact sucessfully.
2025-04-05 09:37:57 INFO  TC_001_Create_contact:51 - contact created sucessfully.
2025-04-05 09:37:58 INFO  TC_001_Create_contact:63 - Contact verified successfully
2025-04-05 09:37:59 INFO  TC_001_Create_contact:93 - Browser closed successfully.
2025-04-05 09:38:58 INFO  Utils:112 - [TestNG] Running:
  C:\Users\welcome\Desktop\SFDCV1\SFDCV1\testng.xml

2025-04-05 09:38:58 INFO  TC_001_Create_contact:38 - Starting setup for baseClass.
2025-04-05 09:39:01 INFO  TC_001_Create_contact:52 - Browser launched and URL opened successfully.
2025-04-05 09:39:06 INFO  TC_001_Create_contact:70 - User Logged into Sucessfully.
2025-04-05 09:39:12 INFO  TC_001_Create_contact:79 - Navigated to Sales sucessfully.
2025-04-05 09:39:13 INFO  TC_001_Create_contact:38 - Clicked on contact sucessfully.
2025-04-05 09:39:22 INFO  TC_001_Create_contact:51 - contact created sucessfully.
2025-04-05 09:39:23 INFO  TC_001_Create_contact:63 - Contact verified successfully
2025-04-05 09:39:26 INFO  TC_001_Create_contact:93 - Browser closed successfully.
2025-04-05 09:54:36 INFO  Utils:112 - [TestNG] Running:
  C:\Users\welcome\AppData\Local\JetBrains\IdeaIC2024.3\temp-testng-customsuite.xml

2025-04-05 09:54:36 INFO  TC_001_Create_contact:38 - Starting setup for baseClass.
2025-04-05 09:54:39 INFO  TC_001_Create_contact:52 - Browser launched and URL opened successfully.
2025-04-05 09:54:46 INFO  TC_001_Create_contact:70 - User Logged into Sucessfully.
2025-04-05 09:54:50 INFO  TC_001_Create_contact:79 - Navigated to Sales sucessfully.
2025-04-05 09:54:51 INFO  TC_001_Create_contact:38 - Clicked on contact sucessfully.
2025-04-05 09:55:01 INFO  TC_001_Create_contact:51 - contact created sucessfully.
2025-04-05 09:55:03 INFO  TC_001_Create_contact:63 - Contact verified successfully
2025-04-05 09:55:04 INFO  TC_001_Create_contact:93 - Browser closed successfully.
2025-04-05 09:55:25 INFO  Utils:112 - [TestNG] Running:
  C:\Users\welcome\Desktop\SFDCV1\SFDCV1\testng.xml

2025-04-05 09:55:25 INFO  TC_001_Create_contact:38 - Starting setup for baseClass.
2025-04-05 09:55:28 INFO  TC_001_Create_contact:52 - Browser launched and URL opened successfully.
2025-04-05 09:55:34 INFO  TC_001_Create_contact:70 - User Logged into Sucessfully.
2025-04-05 09:55:39 INFO  TC_001_Create_contact:79 - Navigated to Sales sucessfully.
2025-04-05 09:55:39 INFO  TC_001_Create_contact:38 - Clicked on contact sucessfully.
2025-04-05 09:55:49 INFO  TC_001_Create_contact:51 - contact created sucessfully.
2025-04-05 09:55:51 INFO  TC_001_Create_contact:63 - Contact verified successfully
2025-04-05 09:55:53 INFO  TC_001_Create_contact:93 - Browser closed successfully.
2025-04-05 10:03:19 INFO  Utils:112 - [TestNG] Running:
  C:\Users\welcome\AppData\Local\JetBrains\IdeaIC2024.3\temp-testng-customsuite.xml

2025-04-05 10:03:20 INFO  TC_001_Create_contact:38 - Starting setup for baseClass.
2025-04-05 10:03:24 INFO  TC_001_Create_contact:52 - Browser launched and URL opened successfully.
2025-04-05 10:03:25 INFO  TC_001_Create_contact:70 - User Logged into Sucessfully.
2025-04-05 10:03:34 INFO  TC_001_Create_contact:79 - Navigated to Sales sucessfully.
2025-04-05 10:03:35 INFO  TC_001_Create_contact:39 - Clicked on contact sucessfully.
2025-04-05 10:03:47 INFO  TC_001_Create_contact:52 - contact created sucessfully.
2025-04-05 10:03:49 INFO  TC_001_Create_contact:64 - Contact verified successfully
2025-04-05 10:03:49 INFO  TC_001_Create_contact:93 - Browser closed successfully.
2025-04-05 10:05:04 INFO  Utils:112 - [TestNG] Running:
  C:\Users\welcome\AppData\Local\JetBrains\IdeaIC2024.3\temp-testng-customsuite.xml

2025-04-05 10:05:04 INFO  TC_001_Create_contact:38 - Starting setup for baseClass.
2025-04-05 10:05:08 INFO  TC_001_Create_contact:52 - Browser launched and URL opened successfully.
2025-04-05 10:05:09 INFO  TC_001_Create_contact:70 - User Logged into Sucessfully.
2025-04-05 10:05:19 INFO  TC_001_Create_contact:79 - Navigated to Sales sucessfully.
2025-04-05 10:05:20 INFO  TC_001_Create_contact:39 - Clicked on contact sucessfully.
2025-04-05 10:05:31 INFO  TC_001_Create_contact:52 - contact created sucessfully.
2025-04-05 10:05:33 INFO  TC_001_Create_contact:64 - Contact verified successfully
2025-04-05 10:05:33 INFO  TC_001_Create_contact:93 - Browser closed successfully.
2025-04-05 10:06:11 INFO  Utils:112 - [TestNG] Running:
  C:\Users\welcome\Desktop\SFDCV1\SFDCV1\testng.xml

2025-04-05 10:06:11 INFO  TC_001_Create_contact:38 - Starting setup for baseClass.
2025-04-05 10:06:15 INFO  TC_001_Create_contact:52 - Browser launched and URL opened successfully.
2025-04-05 10:06:16 INFO  TC_001_Create_contact:70 - User Logged into Sucessfully.
2025-04-05 10:06:26 INFO  TC_001_Create_contact:79 - Navigated to Sales sucessfully.
2025-04-05 10:06:27 INFO  TC_001_Create_contact:39 - Clicked on contact sucessfully.
2025-04-05 10:06:37 INFO  TC_001_Create_contact:52 - contact created sucessfully.
2025-04-05 10:06:39 INFO  TC_001_Create_contact:64 - Contact verified successfully
2025-04-05 10:06:39 INFO  TC_001_Create_contact:93 - Browser closed successfully.
2025-04-05 19:50:13 INFO  Utils:112 - [TestNG] Running:
  C:\Users\welcome\AppData\Local\JetBrains\IdeaIC2024.3\temp-testng-customsuite.xml

2025-04-05 19:50:14 INFO  TC_001_Create_contact:38 - Starting setup for baseClass.
2025-04-05 19:50:20 INFO  TC_001_Create_contact:52 - Browser launched and URL opened successfully.
2025-04-05 19:50:24 INFO  TC_001_Create_contact:70 - User Logged into Sucessfully.
2025-04-05 19:50:43 ERROR TC_001_Create_contact:82 - Failed to navigate to Salesorg.openqa.selenium.TimeoutException: Expected condition failed: waiting for element to be clickable: [[ChromeDriver: chrome on windows (ff6972969235a491052ce9e41d9fef01)] -> xpath: //button[@title = 'App Launcher']] (tried for 10 second(s) with 500 milliseconds interval)
2025-04-05 19:52:16 INFO  Utils:112 - [TestNG] Running:
  C:\Users\welcome\AppData\Local\JetBrains\IdeaIC2024.3\temp-testng-customsuite.xml

2025-04-05 19:52:16 INFO  TC_001_Create_contact:38 - Starting setup for baseClass.
2025-04-05 19:52:20 INFO  TC_001_Create_contact:52 - Browser launched and URL opened successfully.
2025-04-05 19:52:27 INFO  TC_001_Create_contact:70 - User Logged into Sucessfully.
2025-04-05 19:52:32 INFO  TC_001_Create_contact:79 - Navigated to Sales sucessfully.
2025-04-05 19:52:34 INFO  TC_001_Create_contact:40 - Clicked on contact sucessfully.
2025-04-05 19:52:34 ERROR TC_001_Create_contact:45 - Failed to click on contactjava.lang.NullPointerException: Cannot invoke "com.aventstack.extentreports.ExtentTest.log(com.aventstack.extentreports.Status, String)" because "this.test" is null
2025-04-05 19:52:34 INFO  TC_001_Create_contact:93 - Browser closed successfully.
2025-04-05 19:57:35 INFO  Utils:112 - [TestNG] Running:
  C:\Users\welcome\AppData\Local\JetBrains\IdeaIC2024.3\temp-testng-customsuite.xml

2025-04-05 19:57:36 INFO  TC_001_Create_contact:38 - Starting setup for baseClass.
2025-04-05 19:57:40 INFO  TC_001_Create_contact:52 - Browser launched and URL opened successfully.
2025-04-05 19:57:50 INFO  TC_001_Create_contact:70 - User Logged into Sucessfully.
2025-04-05 19:57:55 INFO  TC_001_Create_contact:79 - Navigated to Sales sucessfully.
2025-04-05 19:57:56 INFO  TC_001_Create_contact:38 - Clicked on contact sucessfully.
2025-04-05 19:58:08 INFO  TC_001_Create_contact:51 - contact created sucessfully.
2025-04-05 19:58:10 INFO  TC_001_Create_contact:63 - Contact verified successfully
2025-04-05 19:58:10 INFO  TC_001_Create_contact:93 - Browser closed successfully.
2025-04-05 20:03:19 INFO  Utils:112 - [TestNG] Running:
  C:\Users\welcome\AppData\Local\JetBrains\IdeaIC2024.3\temp-testng-customsuite.xml

2025-04-05 20:03:20 INFO  TC_001_Create_contact:38 - Starting setup for baseClass.
2025-04-05 20:03:24 INFO  TC_001_Create_contact:52 - Browser launched and URL opened successfully.
2025-04-05 20:03:25 ERROR TC_001_Create_contact:73 - Failed to login into salesforce sucessfully.
2025-04-05 20:03:45 ERROR TC_001_Create_contact:82 - Failed to navigate to Salesorg.openqa.selenium.TimeoutException: Expected condition failed: waiting for element to be clickable: Proxy element for: DefaultElementLocator 'By.xpath: //button[@title = 'App Launcher']' (tried for 10 second(s) with 500 milliseconds interval)
2025-04-05 20:03:55 ERROR TC_001_Create_contact:43 - Failed to click on contactorg.openqa.selenium.NoSuchElementException: no such element: Unable to locate element: {"method":"xpath","selector":"//a[@title = 'Contacts']"}
  (Session info: chrome=134.0.6998.178)
For documentation on this error, please visit: https://www.selenium.dev/documentation/webdriver/troubleshooting/errors#no-such-element-exception
Build info: version: '4.28.1', revision: '73f5ad48a2'
System info: os.name: 'Windows 10', os.arch: 'amd64', os.version: '10.0', java.version: '21.0.6'
Driver info: org.openqa.selenium.chrome.ChromeDriver
Command: [21255a12735da081be47921fb51d33f1, findElement {value=//a[@title = 'Contacts'], using=xpath}]
Capabilities {acceptInsecureCerts: false, browserName: chrome, browserVersion: 134.0.6998.178, chrome: {chromedriverVersion: 134.0.6998.165 (fd886e2cb29..., userDataDir: C:\Users\welcome\AppData\Lo...}, fedcm:accounts: true, goog:chromeOptions: {debuggerAddress: localhost:65091}, networkConnectionEnabled: false, pageLoadStrategy: normal, platformName: windows, proxy: Proxy(), se:cdp: ws://localhost:65091/devtoo..., se:cdpVersion: 134.0.6998.178, setWindowRect: true, strictFileInteractability: false, timeouts: {implicit: 0, pageLoad: 300000, script: 30000}, unhandledPromptBehavior: dismiss and notify, webauthn:extension:credBlob: true, webauthn:extension:largeBlob: true, webauthn:extension:minPinLength: true, webauthn:extension:prf: true, webauthn:virtualAuthenticators: true}
Session ID: 21255a12735da081be47921fb51d33f1
2025-04-05 20:04:15 ERROR TC_001_Create_contact:56 - contact created sucessfully.
2025-04-05 20:04:22 INFO  Utils:112 - [TestNG] Running:
  C:\Users\welcome\AppData\Local\JetBrains\IdeaIC2024.3\temp-testng-customsuite.xml

2025-04-05 20:04:22 INFO  TC_001_Create_contact:38 - Starting setup for baseClass.
2025-04-05 20:04:27 INFO  TC_001_Create_contact:52 - Browser launched and URL opened successfully.
2025-04-05 20:04:28 ERROR TC_001_Create_contact:73 - Failed to login into salesforce sucessfully.
2025-04-05 20:04:48 ERROR TC_001_Create_contact:82 - Failed to navigate to Salesorg.openqa.selenium.TimeoutException: Expected condition failed: waiting for element to be clickable: Proxy element for: DefaultElementLocator 'By.xpath: //button[@title = 'App Launcher']' (tried for 10 second(s) with 500 milliseconds interval)
2025-04-05 20:04:58 ERROR TC_001_Create_contact:43 - Failed to click on contactorg.openqa.selenium.NoSuchElementException: no such element: Unable to locate element: {"method":"xpath","selector":"//a[@title = 'Contacts']"}
  (Session info: chrome=134.0.6998.178)
For documentation on this error, please visit: https://www.selenium.dev/documentation/webdriver/troubleshooting/errors#no-such-element-exception
Build info: version: '4.28.1', revision: '73f5ad48a2'
System info: os.name: 'Windows 10', os.arch: 'amd64', os.version: '10.0', java.version: '21.0.6'
Driver info: org.openqa.selenium.chrome.ChromeDriver
Command: [80b5a44b1697784ea603e2d9fa666169, findElement {value=//a[@title = 'Contacts'], using=xpath}]
Capabilities {acceptInsecureCerts: false, browserName: chrome, browserVersion: 134.0.6998.178, chrome: {chromedriverVersion: 134.0.6998.165 (fd886e2cb29..., userDataDir: C:\Users\welcome\AppData\Lo...}, fedcm:accounts: true, goog:chromeOptions: {debuggerAddress: localhost:65158}, networkConnectionEnabled: false, pageLoadStrategy: normal, platformName: windows, proxy: Proxy(), se:cdp: ws://localhost:65158/devtoo..., se:cdpVersion: 134.0.6998.178, setWindowRect: true, strictFileInteractability: false, timeouts: {implicit: 0, pageLoad: 300000, script: 30000}, unhandledPromptBehavior: dismiss and notify, webauthn:extension:credBlob: true, webauthn:extension:largeBlob: true, webauthn:extension:minPinLength: true, webauthn:extension:prf: true, webauthn:virtualAuthenticators: true}
Session ID: 80b5a44b1697784ea603e2d9fa666169
2025-04-05 20:05:18 ERROR TC_001_Create_contact:56 - contact created sucessfully.
2025-04-05 20:05:29 INFO  TC_001_Create_contact:93 - Browser closed successfully.
2025-04-05 20:07:58 INFO  Utils:112 - [TestNG] Running:
  C:\Users\welcome\AppData\Local\JetBrains\IdeaIC2024.3\temp-testng-customsuite.xml

2025-04-05 20:07:59 INFO  TC_001_Create_contact:38 - Starting setup for baseClass.
2025-04-05 20:08:03 INFO  TC_001_Create_contact:52 - Browser launched and URL opened successfully.
2025-04-05 20:08:04 INFO  TC_001_Create_contact:70 - User Logged into Sucessfully.
2025-04-05 20:08:15 INFO  TC_001_Create_contact:79 - Navigated to Sales sucessfully.
2025-04-05 20:08:16 INFO  TC_001_Create_contact:38 - Clicked on contact sucessfully.
2025-04-05 20:08:27 INFO  TC_001_Create_contact:51 - contact created sucessfully.
2025-04-05 20:08:29 INFO  TC_001_Create_contact:63 - Contact verified successfully
2025-04-05 20:08:32 INFO  TC_001_Create_contact:93 - Browser closed successfully.
